[2025-11-13 01:29:45] INFO  com.gecom.utils.Logger - Test suite started: CartTest Regression Tests
[2025-11-13 01:29:46] INFO  com.gecom.utils.Logger - STEP: Start test: com.gecom.CartTest.testClearCart
[2025-11-13 01:29:49] INFO  com.gecom.utils.Logger - Test passed: com.gecom.CartTest.testClearCart
[2025-11-13 01:29:49] INFO  com.gecom.utils.Logger - STEP: Start test: com.gecom.CartTest.testAddToCart
[2025-11-13 01:29:49] INFO  com.gecom.utils.Logger - Test passed: com.gecom.CartTest.testAddToCart
[2025-11-13 01:29:49] INFO  com.gecom.utils.Logger - STEP: Start test: com.gecom.CartTest.testGetCart
[2025-11-13 01:29:49] INFO  com.gecom.utils.Logger - Test passed: com.gecom.CartTest.testGetCart
[2025-11-13 01:29:49] INFO  com.gecom.utils.Logger - STEP: Start test: com.gecom.CartTest.testUpdateCartItem
[2025-11-13 01:29:49] INFO  com.gecom.utils.Logger - Test passed: com.gecom.CartTest.testUpdateCartItem
[2025-11-13 01:29:49] INFO  com.gecom.utils.Logger - STEP: Start test: com.gecom.CartTest.testRemoveCartItem
[2025-11-13 01:29:49] INFO  com.gecom.utils.Logger - Test passed: com.gecom.CartTest.testRemoveCartItem
[2025-11-13 01:29:49] INFO  com.gecom.utils.Logger - Test suite finished: CartTest Regression Tests
[2025-11-13 03:59:38] INFO  com.gecom.utils.Logger - âœ… allure-results directory deleted successfully
[2025-11-13 03:59:38] INFO  com.gecom.utils.Logger - Test suite started: BlogTest Regression Tests
[2025-11-13 03:59:38] INFO  com.gecom.utils.Logger - STEP: Start test: com.gecom.BlogTest.testListBlogPosts
[2025-11-13 03:59:41] INFO  com.gecom.utils.Logger - âœ… Test PASSED: com.gecom.BlogTest.testListBlogPosts
[2025-11-13 03:59:41] INFO  com.gecom.utils.Logger - STEP: Start test: com.gecom.BlogTest.testGetBlogPost
[2025-11-13 03:59:41] INFO  com.gecom.utils.Logger - âœ… Test PASSED: com.gecom.BlogTest.testGetBlogPost
[2025-11-13 03:59:41] INFO  com.gecom.utils.Logger - Test suite finished: BlogTest Regression Tests
[2025-11-13 03:59:41] INFO  com.gecom.utils.Logger - ğŸ”„ Generating Allure report (Const.GENERATE_ALLURE_REPORT=true)
[2025-11-13 03:59:41] INFO  com.gecom.utils.Logger - âœ… Environment properties written to: D:\E-Commerce\ITIJavaRestAssuredECommerce\target\allure-results\environment.properties
[2025-11-13 03:59:41] INFO  com.gecom.utils.Logger - Executing Allure generate command: allure generate target/allure-results --clean
[2025-11-13 03:59:41] ERROR com.gecom.utils.Logger - IOException while executing Allure CLI: Cannot run program "allure": CreateProcess error=2, The system cannot find the file specified
java.io.IOException: Cannot run program "allure": CreateProcess error=2, The system cannot find the file specified
	at java.base/java.lang.ProcessBuilder.start(ProcessBuilder.java:1143) ~[?:?]
	at java.base/java.lang.ProcessBuilder.start(ProcessBuilder.java:1073) ~[?:?]
	at com.gecom.utils.AllureReportGenerator.openReportAutomatically(AllureReportGenerator.java:41) [test-classes/:?]
	at com.gecom.utils.TestListener.onExecutionFinish(TestListener.java:209) [test-classes/:?]
	at org.testng.TestNG.runExecutionListeners(TestNG.java:1138) [testng-7.11.0.jar:7.11.0]
	at org.testng.TestNG.run(TestNG.java:1088) [testng-7.11.0.jar:7.11.0]
	at com.intellij.rt.testng.IDEARemoteTestNG.run(IDEARemoteTestNG.java:65) [testng-rt.jar:?]
	at com.intellij.rt.testng.RemoteTestNGStarter.main(RemoteTestNGStarter.java:105) [testng-rt.jar:?]
Caused by: java.io.IOException: CreateProcess error=2, The system cannot find the file specified
	at java.base/java.lang.ProcessImpl.create(Native Method) ~[?:?]
	at java.base/java.lang.ProcessImpl.<init>(ProcessImpl.java:505) ~[?:?]
	at java.base/java.lang.ProcessImpl.start(ProcessImpl.java:158) ~[?:?]
	at java.base/java.lang.ProcessBuilder.start(ProcessBuilder.java:1110) ~[?:?]
	... 7 more
[2025-11-13 04:01:11] INFO  com.gecom.utils.Logger - âœ… allure-results directory deleted successfully
[2025-11-13 04:01:11] INFO  com.gecom.utils.Logger - Test suite started: BlogTest Regression Tests
[2025-11-13 04:01:11] INFO  com.gecom.utils.Logger - STEP: Start test: com.gecom.BlogTest.testListBlogPosts
[2025-11-13 04:01:14] INFO  com.gecom.utils.Logger - âœ… Test PASSED: com.gecom.BlogTest.testListBlogPosts
[2025-11-13 04:01:14] INFO  com.gecom.utils.Logger - STEP: Start test: com.gecom.BlogTest.testGetBlogPost
[2025-11-13 04:01:14] INFO  com.gecom.utils.Logger - âœ… Test PASSED: com.gecom.BlogTest.testGetBlogPost
[2025-11-13 04:01:14] INFO  com.gecom.utils.Logger - Test suite finished: BlogTest Regression Tests
[2025-11-13 04:01:14] INFO  com.gecom.utils.Logger - ğŸ”„ Generating Allure report (Const.GENERATE_ALLURE_REPORT=true)
[2025-11-13 04:01:14] INFO  com.gecom.utils.Logger - âœ… Environment properties written to: D:\E-Commerce\ITIJavaRestAssuredECommerce\target\allure-results\environment.properties
[2025-11-13 04:01:14] INFO  com.gecom.utils.Logger - Executing Allure generate command: allure generate target/allure-results --clean
[2025-11-13 04:01:14] ERROR com.gecom.utils.Logger - IOException while executing Allure CLI: Cannot run program "allure": CreateProcess error=2, The system cannot find the file specified
java.io.IOException: Cannot run program "allure": CreateProcess error=2, The system cannot find the file specified
	at java.base/java.lang.ProcessBuilder.start(ProcessBuilder.java:1143) ~[?:?]
	at java.base/java.lang.ProcessBuilder.start(ProcessBuilder.java:1073) ~[?:?]
	at com.gecom.utils.AllureReportGenerator.openReportAutomatically(AllureReportGenerator.java:41) [test-classes/:?]
	at com.gecom.utils.TestListener.onExecutionFinish(TestListener.java:209) [test-classes/:?]
	at org.testng.TestNG.runExecutionListeners(TestNG.java:1138) [testng-7.11.0.jar:7.11.0]
	at org.testng.TestNG.run(TestNG.java:1088) [testng-7.11.0.jar:7.11.0]
	at com.intellij.rt.testng.IDEARemoteTestNG.run(IDEARemoteTestNG.java:65) [testng-rt.jar:?]
	at com.intellij.rt.testng.RemoteTestNGStarter.main(RemoteTestNGStarter.java:105) [testng-rt.jar:?]
Caused by: java.io.IOException: CreateProcess error=2, The system cannot find the file specified
	at java.base/java.lang.ProcessImpl.create(Native Method) ~[?:?]
	at java.base/java.lang.ProcessImpl.<init>(ProcessImpl.java:505) ~[?:?]
	at java.base/java.lang.ProcessImpl.start(ProcessImpl.java:158) ~[?:?]
	at java.base/java.lang.ProcessBuilder.start(ProcessBuilder.java:1110) ~[?:?]
	... 7 more
[2025-11-13 04:02:58] INFO  com.gecom.utils.Logger - âœ… allure-results directory deleted successfully
[2025-11-13 04:02:58] INFO  com.gecom.utils.Logger - Test suite started: BlogTest Regression Tests
[2025-11-13 04:02:58] INFO  com.gecom.utils.Logger - STEP: Start test: com.gecom.BlogTest.testListBlogPosts
[2025-11-13 04:03:02] INFO  com.gecom.utils.Logger - âœ… Test PASSED: com.gecom.BlogTest.testListBlogPosts
[2025-11-13 04:03:02] INFO  com.gecom.utils.Logger - STEP: Start test: com.gecom.BlogTest.testGetBlogPost
[2025-11-13 04:03:02] INFO  com.gecom.utils.Logger - âœ… Test PASSED: com.gecom.BlogTest.testGetBlogPost
[2025-11-13 04:03:02] INFO  com.gecom.utils.Logger - Test suite finished: BlogTest Regression Tests
[2025-11-13 04:03:02] INFO  com.gecom.utils.Logger - ğŸ”„ Generating Allure report (Const.GENERATE_ALLURE_REPORT=true)
[2025-11-13 04:03:02] INFO  com.gecom.utils.Logger - âœ… Environment properties written to: D:\E-Commerce\ITIJavaRestAssuredECommerce\target\allure-results\environment.properties
[2025-11-13 04:03:02] INFO  com.gecom.utils.Logger - Executing Allure generate command: allure generate target/allure-results --clean
[2025-11-13 04:03:02] ERROR com.gecom.utils.Logger - âŒ CRITICAL ERROR: Cannot execute Allure CLI command
java.io.IOException: Cannot run program "allure": CreateProcess error=2, The system cannot find the file specified
	at java.base/java.lang.ProcessBuilder.start(ProcessBuilder.java:1143) ~[?:?]
	at java.base/java.lang.ProcessBuilder.start(ProcessBuilder.java:1073) ~[?:?]
	at com.gecom.utils.AllureReportGenerator.openReportAutomatically(AllureReportGenerator.java:41) [test-classes/:?]
	at com.gecom.utils.TestListener.onExecutionFinish(TestListener.java:209) [test-classes/:?]
	at org.testng.TestNG.runExecutionListeners(TestNG.java:1138) [testng-7.11.0.jar:7.11.0]
	at org.testng.TestNG.run(TestNG.java:1088) [testng-7.11.0.jar:7.11.0]
	at com.intellij.rt.testng.IDEARemoteTestNG.run(IDEARemoteTestNG.java:65) [testng-rt.jar:?]
	at com.intellij.rt.testng.RemoteTestNGStarter.main(RemoteTestNGStarter.java:105) [testng-rt.jar:?]
Caused by: java.io.IOException: CreateProcess error=2, The system cannot find the file specified
	at java.base/java.lang.ProcessImpl.create(Native Method) ~[?:?]
	at java.base/java.lang.ProcessImpl.<init>(ProcessImpl.java:505) ~[?:?]
	at java.base/java.lang.ProcessImpl.start(ProcessImpl.java:158) ~[?:?]
	at java.base/java.lang.ProcessBuilder.start(ProcessBuilder.java:1110) ~[?:?]
	... 7 more
[2025-11-13 04:03:02] WARN  com.gecom.utils.Logger - â•â•â•â•â•â•â•â•â•â•â•â•â•â•â•â•â•â•â•â•â•â•â•â•â•â•â•â•â•â•â•â•â•â•â•â•â•â•â•â•â•â•â•â•â•â•â•â•â•â•â•â•â•â•â•â•â•â•â•â•â•â•â•
[2025-11-13 04:03:02] WARN  com.gecom.utils.Logger - âŒ Allure CLI not found or not in PATH
[2025-11-13 04:03:02] WARN  com.gecom.utils.Logger - â•â•â•â•â•â•â•â•â•â•â•â•â•â•â•â•â•â•â•â•â•â•â•â•â•â•â•â•â•â•â•â•â•â•â•â•â•â•â•â•â•â•â•â•â•â•â•â•â•â•â•â•â•â•â•â•â•â•â•â•â•â•â•
[2025-11-13 04:03:02] WARN  com.gecom.utils.Logger - Please install Allure and add it to PATH:
[2025-11-13 04:03:02] WARN  com.gecom.utils.Logger - 
[2025-11-13 04:03:02] WARN  com.gecom.utils.Logger - Option 1 - Using npm:
[2025-11-13 04:03:02] WARN  com.gecom.utils.Logger -   $ npm install -g allure-commandline
[2025-11-13 04:03:02] WARN  com.gecom.utils.Logger - 
[2025-11-13 04:03:02] WARN  com.gecom.utils.Logger - Option 2 - Using Scoop (Windows):
[2025-11-13 04:03:02] WARN  com.gecom.utils.Logger -   $ scoop install allure
[2025-11-13 04:03:02] WARN  com.gecom.utils.Logger - 
[2025-11-13 04:03:02] WARN  com.gecom.utils.Logger - Option 3 - Using Chocolatey (Windows):
[2025-11-13 04:03:02] WARN  com.gecom.utils.Logger -   $ choco install allure
[2025-11-13 04:03:02] WARN  com.gecom.utils.Logger - 
[2025-11-13 04:03:02] WARN  com.gecom.utils.Logger - Option 4 - Using Homebrew (macOS):
[2025-11-13 04:03:02] WARN  com.gecom.utils.Logger -   $ brew install allure
[2025-11-13 04:03:02] WARN  com.gecom.utils.Logger - 
[2025-11-13 04:03:02] WARN  com.gecom.utils.Logger - After installation, verify with: allure --version
[2025-11-13 04:03:02] WARN  com.gecom.utils.Logger - â•â•â•â•â•â•â•â•â•â•â•â•â•â•â•â•â•â•â•â•â•â•â•â•â•â•â•â•â•â•â•â•â•â•â•â•â•â•â•â•â•â•â•â•â•â•â•â•â•â•â•â•â•â•â•â•â•â•â•â•â•â•â•
[2025-11-13 04:03:02] WARN  com.gecom.utils.Logger - Report generated but NOT opened. Access it manually:
[2025-11-13 04:03:02] WARN  com.gecom.utils.Logger -   $ allure open target/allure-results
[2025-11-13 04:03:02] WARN  com.gecom.utils.Logger - â•â•â•â•â•â•â•â•â•â•â•â•â•â•â•â•â•â•â•â•â•â•â•â•â•â•â•â•â•â•â•â•â•â•â•â•â•â•â•â•â•â•â•â•â•â•â•â•â•â•â•â•â•â•â•â•â•â•â•â•â•â•â•
[2025-11-13 04:05:12] INFO  com.gecom.utils.Logger - âœ… allure-results directory deleted successfully
[2025-11-13 04:05:12] INFO  com.gecom.utils.Logger - Test suite started: BlogTest Regression Tests
[2025-11-13 04:05:12] INFO  com.gecom.utils.Logger - STEP: Start test: com.gecom.BlogTest.testListBlogPosts
[2025-11-13 04:05:15] INFO  com.gecom.utils.Logger - âœ… Test PASSED: com.gecom.BlogTest.testListBlogPosts
[2025-11-13 04:05:15] INFO  com.gecom.utils.Logger - STEP: Start test: com.gecom.BlogTest.testGetBlogPost
[2025-11-13 04:05:15] INFO  com.gecom.utils.Logger - âœ… Test PASSED: com.gecom.BlogTest.testGetBlogPost
[2025-11-13 04:05:15] INFO  com.gecom.utils.Logger - Test suite finished: BlogTest Regression Tests
[2025-11-13 04:05:16] INFO  com.gecom.utils.Logger - ğŸ”„ Generating Allure report (Const.GENERATE_ALLURE_REPORT=true)
[2025-11-13 04:05:16] INFO  com.gecom.utils.Logger - âœ… Environment properties written to: D:\E-Commerce\ITIJavaRestAssuredECommerce\target\allure-results\environment.properties
[2025-11-13 04:05:16] INFO  com.gecom.utils.Logger - Executing Allure generate command: allure generate target/allure-results --clean
[2025-11-13 04:05:16] ERROR com.gecom.utils.Logger - âŒ CRITICAL ERROR: Cannot execute Allure CLI command
java.io.IOException: Cannot run program "allure": CreateProcess error=2, The system cannot find the file specified
	at java.base/java.lang.ProcessBuilder.start(ProcessBuilder.java:1143) ~[?:?]
	at java.base/java.lang.ProcessBuilder.start(ProcessBuilder.java:1073) ~[?:?]
	at com.gecom.utils.AllureReportGenerator.openReportAutomatically(AllureReportGenerator.java:41) [test-classes/:?]
	at com.gecom.utils.TestListener.onExecutionFinish(TestListener.java:209) [test-classes/:?]
	at org.testng.TestNG.runExecutionListeners(TestNG.java:1138) [testng-7.11.0.jar:7.11.0]
	at org.testng.TestNG.run(TestNG.java:1088) [testng-7.11.0.jar:7.11.0]
	at com.intellij.rt.testng.IDEARemoteTestNG.run(IDEARemoteTestNG.java:65) [testng-rt.jar:?]
	at com.intellij.rt.testng.RemoteTestNGStarter.main(RemoteTestNGStarter.java:105) [testng-rt.jar:?]
Caused by: java.io.IOException: CreateProcess error=2, The system cannot find the file specified
	at java.base/java.lang.ProcessImpl.create(Native Method) ~[?:?]
	at java.base/java.lang.ProcessImpl.<init>(ProcessImpl.java:505) ~[?:?]
	at java.base/java.lang.ProcessImpl.start(ProcessImpl.java:158) ~[?:?]
	at java.base/java.lang.ProcessBuilder.start(ProcessBuilder.java:1110) ~[?:?]
	... 7 more
[2025-11-13 04:05:16] WARN  com.gecom.utils.Logger - â•â•â•â•â•â•â•â•â•â•â•â•â•â•â•â•â•â•â•â•â•â•â•â•â•â•â•â•â•â•â•â•â•â•â•â•â•â•â•â•â•â•â•â•â•â•â•â•â•â•â•â•â•â•â•â•â•â•â•â•â•â•â•
[2025-11-13 04:05:16] WARN  com.gecom.utils.Logger - âŒ Allure CLI not found or not in PATH
[2025-11-13 04:05:16] WARN  com.gecom.utils.Logger - â•â•â•â•â•â•â•â•â•â•â•â•â•â•â•â•â•â•â•â•â•â•â•â•â•â•â•â•â•â•â•â•â•â•â•â•â•â•â•â•â•â•â•â•â•â•â•â•â•â•â•â•â•â•â•â•â•â•â•â•â•â•â•
[2025-11-13 04:05:16] WARN  com.gecom.utils.Logger - Please install Allure and add it to PATH:
[2025-11-13 04:05:16] WARN  com.gecom.utils.Logger - 
[2025-11-13 04:05:16] WARN  com.gecom.utils.Logger - Option 1 - Using npm:
[2025-11-13 04:05:16] WARN  com.gecom.utils.Logger -   $ npm install -g allure-commandline
[2025-11-13 04:05:16] WARN  com.gecom.utils.Logger - 
[2025-11-13 04:05:16] WARN  com.gecom.utils.Logger - Option 2 - Using Scoop (Windows):
[2025-11-13 04:05:16] WARN  com.gecom.utils.Logger -   $ scoop install allure
[2025-11-13 04:05:16] WARN  com.gecom.utils.Logger - 
[2025-11-13 04:05:16] WARN  com.gecom.utils.Logger - Option 3 - Using Chocolatey (Windows):
[2025-11-13 04:05:16] WARN  com.gecom.utils.Logger -   $ choco install allure
[2025-11-13 04:05:16] WARN  com.gecom.utils.Logger - 
[2025-11-13 04:05:16] WARN  com.gecom.utils.Logger - Option 4 - Using Homebrew (macOS):
[2025-11-13 04:05:16] WARN  com.gecom.utils.Logger -   $ brew install allure
[2025-11-13 04:05:16] WARN  com.gecom.utils.Logger - 
[2025-11-13 04:05:16] WARN  com.gecom.utils.Logger - After installation, verify with: allure --version
[2025-11-13 04:05:16] WARN  com.gecom.utils.Logger - â•â•â•â•â•â•â•â•â•â•â•â•â•â•â•â•â•â•â•â•â•â•â•â•â•â•â•â•â•â•â•â•â•â•â•â•â•â•â•â•â•â•â•â•â•â•â•â•â•â•â•â•â•â•â•â•â•â•â•â•â•â•â•
[2025-11-13 04:05:16] WARN  com.gecom.utils.Logger - Report generated but NOT opened. Access it manually:
[2025-11-13 04:05:16] WARN  com.gecom.utils.Logger -   $ allure open target/allure-results
[2025-11-13 04:05:16] WARN  com.gecom.utils.Logger - â•â•â•â•â•â•â•â•â•â•â•â•â•â•â•â•â•â•â•â•â•â•â•â•â•â•â•â•â•â•â•â•â•â•â•â•â•â•â•â•â•â•â•â•â•â•â•â•â•â•â•â•â•â•â•â•â•â•â•â•â•â•â•
[2025-11-13 04:06:17] INFO  com.gecom.utils.Logger - âœ… allure-results directory deleted successfully
[2025-11-13 04:06:17] INFO  com.gecom.utils.Logger - Test suite started: BlogTest Regression Tests
[2025-11-13 04:06:17] INFO  com.gecom.utils.Logger - STEP: Start test: com.gecom.BlogTest.testListBlogPosts
[2025-11-13 04:06:20] INFO  com.gecom.utils.Logger - âœ… Test PASSED: com.gecom.BlogTest.testListBlogPosts
[2025-11-13 04:06:20] INFO  com.gecom.utils.Logger - STEP: Start test: com.gecom.BlogTest.testGetBlogPost
[2025-11-13 04:06:20] INFO  com.gecom.utils.Logger - âœ… Test PASSED: com.gecom.BlogTest.testGetBlogPost
[2025-11-13 04:06:20] INFO  com.gecom.utils.Logger - Test suite finished: BlogTest Regression Tests
[2025-11-13 04:06:20] INFO  com.gecom.utils.Logger - ğŸ”„ Generating Allure report (Const.GENERATE_ALLURE_REPORT=true)
[2025-11-13 04:06:20] INFO  com.gecom.utils.Logger - âœ… Environment properties written to: D:\E-Commerce\ITIJavaRestAssuredECommerce\allure-results\environment.properties
[2025-11-13 04:06:20] INFO  com.gecom.utils.Logger - Executing Allure generate command: allure generate allure-results --clean
[2025-11-13 04:06:20] ERROR com.gecom.utils.Logger - âŒ CRITICAL ERROR: Cannot execute Allure CLI command
java.io.IOException: Cannot run program "allure": CreateProcess error=2, The system cannot find the file specified
	at java.base/java.lang.ProcessBuilder.start(ProcessBuilder.java:1143) ~[?:?]
	at java.base/java.lang.ProcessBuilder.start(ProcessBuilder.java:1073) ~[?:?]
	at com.gecom.utils.AllureReportGenerator.openReportAutomatically(AllureReportGenerator.java:41) [test-classes/:?]
	at com.gecom.utils.TestListener.onExecutionFinish(TestListener.java:209) [test-classes/:?]
	at org.testng.TestNG.runExecutionListeners(TestNG.java:1138) [testng-7.11.0.jar:7.11.0]
	at org.testng.TestNG.run(TestNG.java:1088) [testng-7.11.0.jar:7.11.0]
	at com.intellij.rt.testng.IDEARemoteTestNG.run(IDEARemoteTestNG.java:65) [testng-rt.jar:?]
	at com.intellij.rt.testng.RemoteTestNGStarter.main(RemoteTestNGStarter.java:105) [testng-rt.jar:?]
Caused by: java.io.IOException: CreateProcess error=2, The system cannot find the file specified
	at java.base/java.lang.ProcessImpl.create(Native Method) ~[?:?]
	at java.base/java.lang.ProcessImpl.<init>(ProcessImpl.java:505) ~[?:?]
	at java.base/java.lang.ProcessImpl.start(ProcessImpl.java:158) ~[?:?]
	at java.base/java.lang.ProcessBuilder.start(ProcessBuilder.java:1110) ~[?:?]
	... 7 more
[2025-11-13 04:06:20] WARN  com.gecom.utils.Logger - â•â•â•â•â•â•â•â•â•â•â•â•â•â•â•â•â•â•â•â•â•â•â•â•â•â•â•â•â•â•â•â•â•â•â•â•â•â•â•â•â•â•â•â•â•â•â•â•â•â•â•â•â•â•â•â•â•â•â•â•â•â•â•
[2025-11-13 04:06:20] WARN  com.gecom.utils.Logger - âŒ Allure CLI not found or not in PATH
[2025-11-13 04:06:20] WARN  com.gecom.utils.Logger - â•â•â•â•â•â•â•â•â•â•â•â•â•â•â•â•â•â•â•â•â•â•â•â•â•â•â•â•â•â•â•â•â•â•â•â•â•â•â•â•â•â•â•â•â•â•â•â•â•â•â•â•â•â•â•â•â•â•â•â•â•â•â•
[2025-11-13 04:06:20] WARN  com.gecom.utils.Logger - Please install Allure and add it to PATH:
[2025-11-13 04:06:20] WARN  com.gecom.utils.Logger - 
[2025-11-13 04:06:20] WARN  com.gecom.utils.Logger - Option 1 - Using npm:
[2025-11-13 04:06:20] WARN  com.gecom.utils.Logger -   $ npm install -g allure-commandline
[2025-11-13 04:06:20] WARN  com.gecom.utils.Logger - 
[2025-11-13 04:06:20] WARN  com.gecom.utils.Logger - Option 2 - Using Scoop (Windows):
[2025-11-13 04:06:20] WARN  com.gecom.utils.Logger -   $ scoop install allure
[2025-11-13 04:06:20] WARN  com.gecom.utils.Logger - 
[2025-11-13 04:06:20] WARN  com.gecom.utils.Logger - Option 3 - Using Chocolatey (Windows):
[2025-11-13 04:06:20] WARN  com.gecom.utils.Logger -   $ choco install allure
[2025-11-13 04:06:20] WARN  com.gecom.utils.Logger - 
[2025-11-13 04:06:20] WARN  com.gecom.utils.Logger - Option 4 - Using Homebrew (macOS):
[2025-11-13 04:06:20] WARN  com.gecom.utils.Logger -   $ brew install allure
[2025-11-13 04:06:20] WARN  com.gecom.utils.Logger - 
[2025-11-13 04:06:20] WARN  com.gecom.utils.Logger - After installation, verify with: allure --version
[2025-11-13 04:06:20] WARN  com.gecom.utils.Logger - â•â•â•â•â•â•â•â•â•â•â•â•â•â•â•â•â•â•â•â•â•â•â•â•â•â•â•â•â•â•â•â•â•â•â•â•â•â•â•â•â•â•â•â•â•â•â•â•â•â•â•â•â•â•â•â•â•â•â•â•â•â•â•
[2025-11-13 04:06:20] WARN  com.gecom.utils.Logger - Report generated but NOT opened. Access it manually:
[2025-11-13 04:06:20] WARN  com.gecom.utils.Logger -   $ allure open target/allure-results
[2025-11-13 04:06:20] WARN  com.gecom.utils.Logger - â•â•â•â•â•â•â•â•â•â•â•â•â•â•â•â•â•â•â•â•â•â•â•â•â•â•â•â•â•â•â•â•â•â•â•â•â•â•â•â•â•â•â•â•â•â•â•â•â•â•â•â•â•â•â•â•â•â•â•â•â•â•â•
[2025-11-13 04:08:51] INFO  com.gecom.utils.Logger - âœ… allure-results directory deleted successfully
[2025-11-13 04:08:51] INFO  com.gecom.utils.Logger - Test suite started: BlogTest Regression Tests
[2025-11-13 04:08:51] INFO  com.gecom.utils.Logger - STEP: Start test: com.gecom.BlogTest.testListBlogPosts
[2025-11-13 04:08:54] INFO  com.gecom.utils.Logger - âœ… Test PASSED: com.gecom.BlogTest.testListBlogPosts
[2025-11-13 04:08:54] INFO  com.gecom.utils.Logger - STEP: Start test: com.gecom.BlogTest.testGetBlogPost
[2025-11-13 04:08:54] INFO  com.gecom.utils.Logger - âœ… Test PASSED: com.gecom.BlogTest.testGetBlogPost
[2025-11-13 04:08:54] INFO  com.gecom.utils.Logger - Test suite finished: BlogTest Regression Tests
[2025-11-13 04:08:54] INFO  com.gecom.utils.Logger - ğŸ”„ Generating Allure report (Const.GENERATE_ALLURE_REPORT=true)
[2025-11-13 04:08:54] INFO  com.gecom.utils.Logger - âœ… Environment properties written to: D:\E-Commerce\ITIJavaRestAssuredECommerce\allure-results\environment.properties
[2025-11-13 04:08:54] INFO  com.gecom.utils.Logger - Executing Allure generate command: allure generate allure-results --clean
[2025-11-13 04:08:54] ERROR com.gecom.utils.Logger - âŒ CRITICAL ERROR: Cannot execute Allure CLI command
java.io.IOException: Cannot run program "allure": CreateProcess error=2, The system cannot find the file specified
	at java.base/java.lang.ProcessBuilder.start(ProcessBuilder.java:1143) ~[?:?]
	at java.base/java.lang.ProcessBuilder.start(ProcessBuilder.java:1073) ~[?:?]
	at com.gecom.utils.AllureReportGenerator.openReportAutomatically(AllureReportGenerator.java:41) [test-classes/:?]
	at com.gecom.utils.TestListener.onExecutionFinish(TestListener.java:209) [test-classes/:?]
	at org.testng.TestNG.runExecutionListeners(TestNG.java:1138) [testng-7.11.0.jar:7.11.0]
	at org.testng.TestNG.run(TestNG.java:1088) [testng-7.11.0.jar:7.11.0]
	at com.intellij.rt.testng.IDEARemoteTestNG.run(IDEARemoteTestNG.java:65) [testng-rt.jar:?]
	at com.intellij.rt.testng.RemoteTestNGStarter.main(RemoteTestNGStarter.java:105) [testng-rt.jar:?]
Caused by: java.io.IOException: CreateProcess error=2, The system cannot find the file specified
	at java.base/java.lang.ProcessImpl.create(Native Method) ~[?:?]
	at java.base/java.lang.ProcessImpl.<init>(ProcessImpl.java:505) ~[?:?]
	at java.base/java.lang.ProcessImpl.start(ProcessImpl.java:158) ~[?:?]
	at java.base/java.lang.ProcessBuilder.start(ProcessBuilder.java:1110) ~[?:?]
	... 7 more
[2025-11-13 04:08:54] WARN  com.gecom.utils.Logger - â•â•â•â•â•â•â•â•â•â•â•â•â•â•â•â•â•â•â•â•â•â•â•â•â•â•â•â•â•â•â•â•â•â•â•â•â•â•â•â•â•â•â•â•â•â•â•â•â•â•â•â•â•â•â•â•â•â•â•â•â•â•â•
[2025-11-13 04:08:54] WARN  com.gecom.utils.Logger - âŒ Allure CLI not found or not in PATH
[2025-11-13 04:08:54] WARN  com.gecom.utils.Logger - â•â•â•â•â•â•â•â•â•â•â•â•â•â•â•â•â•â•â•â•â•â•â•â•â•â•â•â•â•â•â•â•â•â•â•â•â•â•â•â•â•â•â•â•â•â•â•â•â•â•â•â•â•â•â•â•â•â•â•â•â•â•â•
[2025-11-13 04:08:54] WARN  com.gecom.utils.Logger - Please install Allure and add it to PATH:
[2025-11-13 04:08:54] WARN  com.gecom.utils.Logger - 
[2025-11-13 04:08:54] WARN  com.gecom.utils.Logger - Option 1 - Using npm:
[2025-11-13 04:08:54] WARN  com.gecom.utils.Logger -   $ npm install -g allure-commandline
[2025-11-13 04:08:54] WARN  com.gecom.utils.Logger - 
[2025-11-13 04:08:54] WARN  com.gecom.utils.Logger - Option 2 - Using Scoop (Windows):
[2025-11-13 04:08:54] WARN  com.gecom.utils.Logger -   $ scoop install allure
[2025-11-13 04:08:54] WARN  com.gecom.utils.Logger - 
[2025-11-13 04:08:54] WARN  com.gecom.utils.Logger - Option 3 - Using Chocolatey (Windows):
[2025-11-13 04:08:54] WARN  com.gecom.utils.Logger -   $ choco install allure
[2025-11-13 04:08:54] WARN  com.gecom.utils.Logger - 
[2025-11-13 04:08:54] WARN  com.gecom.utils.Logger - Option 4 - Using Homebrew (macOS):
[2025-11-13 04:08:54] WARN  com.gecom.utils.Logger -   $ brew install allure
[2025-11-13 04:08:54] WARN  com.gecom.utils.Logger - 
[2025-11-13 04:08:54] WARN  com.gecom.utils.Logger - After installation, verify with: allure --version
[2025-11-13 04:08:54] WARN  com.gecom.utils.Logger - â•â•â•â•â•â•â•â•â•â•â•â•â•â•â•â•â•â•â•â•â•â•â•â•â•â•â•â•â•â•â•â•â•â•â•â•â•â•â•â•â•â•â•â•â•â•â•â•â•â•â•â•â•â•â•â•â•â•â•â•â•â•â•
[2025-11-13 04:08:54] WARN  com.gecom.utils.Logger - Report generated but NOT opened. Access it manually:
[2025-11-13 04:08:54] WARN  com.gecom.utils.Logger -   $ allure open target/allure-results
[2025-11-13 04:08:54] WARN  com.gecom.utils.Logger - â•â•â•â•â•â•â•â•â•â•â•â•â•â•â•â•â•â•â•â•â•â•â•â•â•â•â•â•â•â•â•â•â•â•â•â•â•â•â•â•â•â•â•â•â•â•â•â•â•â•â•â•â•â•â•â•â•â•â•â•â•â•â•
[2025-11-13 04:52:47] INFO  com.gecom.utils.Logger - START: com.gecom.BlogTest.testListBlogPosts
[2025-11-13 04:52:50] INFO  com.gecom.utils.Logger - PASS: com.gecom.BlogTest.testListBlogPosts
[2025-11-13 04:52:50] INFO  com.gecom.utils.Logger - START: com.gecom.BlogTest.testGetBlogPost
[2025-11-13 04:52:50] INFO  com.gecom.utils.Logger - PASS: com.gecom.BlogTest.testGetBlogPost
[2025-11-13 04:55:42] INFO  com.gecom.utils.Logger - START: com.gecom.BlogTest.testListBlogPosts
[2025-11-13 04:55:45] INFO  com.gecom.utils.Logger - PASS: com.gecom.BlogTest.testListBlogPosts
[2025-11-13 04:55:45] INFO  com.gecom.utils.Logger - START: com.gecom.BlogTest.testGetBlogPost
[2025-11-13 04:55:45] INFO  com.gecom.utils.Logger - PASS: com.gecom.BlogTest.testGetBlogPost
[2025-11-13 04:58:30] INFO  com.gecom.utils.Logger - START: com.gecom.BlogTest.testListBlogPosts
[2025-11-13 04:58:33] INFO  com.gecom.utils.Logger - PASS: com.gecom.BlogTest.testListBlogPosts
[2025-11-13 04:58:33] INFO  com.gecom.utils.Logger - START: com.gecom.BlogTest.testGetBlogPost
[2025-11-13 04:58:33] INFO  com.gecom.utils.Logger - PASS: com.gecom.BlogTest.testGetBlogPost
[2025-11-13 04:59:48] INFO  com.gecom.utils.Logger - START: com.gecom.BlogTest.testListBlogPosts
[2025-11-13 04:59:50] INFO  com.gecom.utils.Logger - PASS: com.gecom.BlogTest.testListBlogPosts
[2025-11-13 04:59:50] INFO  com.gecom.utils.Logger - START: com.gecom.BlogTest.testGetBlogPost
[2025-11-13 04:59:51] INFO  com.gecom.utils.Logger - PASS: com.gecom.BlogTest.testGetBlogPost
[2025-11-13 05:11:36] INFO  com.gecom.utils.Logger - START: com.gecom.BlogTest.testListBlogPosts
[2025-11-13 05:11:39] INFO  com.gecom.utils.Logger - PASS: com.gecom.BlogTest.testListBlogPosts
[2025-11-13 05:11:39] INFO  com.gecom.utils.Logger - START: com.gecom.BlogTest.testGetBlogPost
[2025-11-13 05:11:39] INFO  com.gecom.utils.Logger - PASS: com.gecom.BlogTest.testGetBlogPost
[2025-11-13 05:12:07] INFO  com.gecom.utils.Logger - START: com.gecom.BlogTest.testListBlogPosts
[2025-11-13 05:12:11] INFO  com.gecom.utils.Logger - PASS: com.gecom.BlogTest.testListBlogPosts
[2025-11-13 05:12:11] INFO  com.gecom.utils.Logger - START: com.gecom.BlogTest.testGetBlogPost
[2025-11-13 05:12:11] INFO  com.gecom.utils.Logger - PASS: com.gecom.BlogTest.testGetBlogPost
[2025-11-13 05:14:41] INFO  com.gecom.utils.Logger - START: com.gecom.BlogTest.testListBlogPosts
[2025-11-13 05:14:44] INFO  com.gecom.utils.Logger - PASS: com.gecom.BlogTest.testListBlogPosts
[2025-11-13 05:14:44] INFO  com.gecom.utils.Logger - START: com.gecom.BlogTest.testGetBlogPost
[2025-11-13 05:14:45] INFO  com.gecom.utils.Logger - PASS: com.gecom.BlogTest.testGetBlogPost
[2025-11-13 05:17:00] INFO  com.gecom.utils.Logger - START: com.gecom.BlogTest.testListBlogPosts
[2025-11-13 05:17:03] INFO  com.gecom.utils.Logger - PASS: com.gecom.BlogTest.testListBlogPosts
[2025-11-13 05:17:03] INFO  com.gecom.utils.Logger - START: com.gecom.BlogTest.testGetBlogPost
[2025-11-13 05:17:03] INFO  com.gecom.utils.Logger - PASS: com.gecom.BlogTest.testGetBlogPost
[2025-11-13 05:18:48] INFO  com.gecom.utils.Logger - START: com.gecom.CategoriesTest.testCreateCategory
[2025-11-13 05:18:51] INFO  com.gecom.utils.Logger - PASS: com.gecom.CategoriesTest.testCreateCategory
[2025-11-13 05:18:51] INFO  com.gecom.utils.Logger - START: com.gecom.CategoriesTest.testGetCategories
[2025-11-13 05:18:51] INFO  com.gecom.utils.Logger - PASS: com.gecom.CategoriesTest.testGetCategories
[2025-11-13 05:18:51] INFO  com.gecom.utils.Logger - START: com.gecom.CategoriesTest.testDeleteCategory
[2025-11-13 05:18:51] INFO  com.gecom.utils.Logger - PASS: com.gecom.CategoriesTest.testDeleteCategory
[2025-11-13 05:32:35] INFO  com.gecom.utils.Logger - START: com.gecom.SystemTest.testHealthCheck
[2025-11-13 05:32:37] INFO  com.gecom.utils.Logger - PASS: com.gecom.SystemTest.testHealthCheck
[2025-11-13 05:32:37] INFO  com.gecom.utils.Logger - START: com.gecom.SystemTest.testSystemHealthSummary
[2025-11-13 05:32:38] INFO  com.gecom.utils.Logger - FAIL: com.gecom.SystemTest.testSystemHealthSummary
[2025-11-13 05:32:38] INFO  com.gecom.utils.Logger - START: com.gecom.SystemTest.testApiDocs
[2025-11-13 05:32:38] INFO  com.gecom.utils.Logger - SKIP: com.gecom.SystemTest.testApiDocs
[2025-11-13 05:34:27] INFO  com.gecom.utils.Logger - START: com.gecom.SystemTest.testHealthCheck
[2025-11-13 05:34:29] INFO  com.gecom.utils.Logger - PASS: com.gecom.SystemTest.testHealthCheck
[2025-11-13 05:34:29] INFO  com.gecom.utils.Logger - START: com.gecom.SystemTest.testSystemHealthSummary
[2025-11-13 05:34:29] INFO  com.gecom.utils.Logger - PASS: com.gecom.SystemTest.testSystemHealthSummary
[2025-11-13 05:34:29] INFO  com.gecom.utils.Logger - START: com.gecom.SystemTest.testApiDocs
[2025-11-13 05:34:29] INFO  com.gecom.utils.Logger - PASS: com.gecom.SystemTest.testApiDocs
[2025-11-13 05:37:47] INFO  com.gecom.utils.Logger - START: com.gecom.SystemTest.testHealthCheck
[2025-11-13 05:37:49] INFO  com.gecom.utils.Logger - PASS: com.gecom.SystemTest.testHealthCheck
[2025-11-13 05:37:49] INFO  com.gecom.utils.Logger - START: com.gecom.SystemTest.testSystemHealthSummary
[2025-11-13 05:37:49] INFO  com.gecom.utils.Logger - PASS: com.gecom.SystemTest.testSystemHealthSummary
[2025-11-13 05:37:49] INFO  com.gecom.utils.Logger - START: com.gecom.SystemTest.testApiDocs
[2025-11-13 05:37:49] INFO  com.gecom.utils.Logger - PASS: com.gecom.SystemTest.testApiDocs
[2025-11-13 05:38:21] INFO  com.gecom.utils.Logger - START: com.gecom.SystemTest.testHealthCheck
[2025-11-13 05:38:23] INFO  com.gecom.utils.Logger - PASS: com.gecom.SystemTest.testHealthCheck
[2025-11-13 05:38:23] INFO  com.gecom.utils.Logger - START: com.gecom.SystemTest.testSystemHealthSummary
[2025-11-13 05:38:23] INFO  com.gecom.utils.Logger - PASS: com.gecom.SystemTest.testSystemHealthSummary
[2025-11-13 05:38:23] INFO  com.gecom.utils.Logger - START: com.gecom.SystemTest.testApiDocs
[2025-11-13 05:38:23] INFO  com.gecom.utils.Logger - PASS: com.gecom.SystemTest.testApiDocs
